# JRE version: Java(TM) SE Runtime Environment 18.9 (11.0.11+9) (build 11.0.11+9-LTS-194)
# Java VM: Java HotSpot(TM) 64-Bit Server VM 18.9 (11.0.11+9-LTS-194, mixed mode, tiered, compressed oops, g1 gc, windows-amd64)
Heap:
 garbage-first heap   total 315392K, used 61124K [0x0000000701000000, 0x0000000800000000)
  region size 1024K, 45 young (46080K), 3 survivors (3072K)
 Metaspace       used 26555K, capacity 26928K, committed 27008K, reserved 1073152K
  class space    used 3028K, capacity 3160K, committed 3200K, reserved 1048576K
GC Heap History (10 events):
Event: 0.541 GC heap before
{Heap before GC invocations=0 (full 0):
 garbage-first heap   total 262144K, used 14336K [0x0000000701000000, 0x0000000800000000)
  region size 1024K, 14 young (14336K), 0 survivors (0K)
 Metaspace       used 8498K, capacity 8653K, committed 8832K, reserved 1056768K
  class space    used 750K, capacity 794K, committed 896K, reserved 1048576K
}
Event: 0.546 GC heap after
{Heap after GC invocations=1 (full 0):
 garbage-first heap   total 262144K, used 4815K [0x0000000701000000, 0x0000000800000000)
  region size 1024K, 2 young (2048K), 2 survivors (2048K)
 Metaspace       used 8498K, capacity 8653K, committed 8832K, reserved 1056768K
  class space    used 750K, capacity 794K, committed 896K, reserved 1048576K
}
Event: 0.833 GC heap before
{Heap before GC invocations=1 (full 0):
 garbage-first heap   total 262144K, used 15055K [0x0000000701000000, 0x0000000800000000)
  region size 1024K, 12 young (12288K), 2 survivors (2048K)
 Metaspace       used 10179K, capacity 10376K, committed 10624K, reserved 1058816K
  class space    used 956K, capacity 1032K, committed 1152K, reserved 1048576K
}
Event: 0.837 GC heap after
{Heap after GC invocations=2 (full 0):
 garbage-first heap   total 262144K, used 7267K [0x0000000701000000, 0x0000000800000000)
  region size 1024K, 2 young (2048K), 2 survivors (2048K)
 Metaspace       used 10179K, capacity 10376K, committed 10624K, reserved 1058816K
  class space    used 956K, capacity 1032K, committed 1152K, reserved 1048576K
}
Event: 1.297 GC heap before
{Heap before GC invocations=2 (full 0):
 garbage-first heap   total 262144K, used 30819K [0x0000000701000000, 0x0000000800000000)
  region size 1024K, 26 young (26624K), 2 survivors (2048K)
 Metaspace       used 13524K, capacity 13703K, committed 13824K, reserved 1060864K
  class space    used 1383K, capacity 1457K, committed 1536K, reserved 1048576K
}
Event: 1.303 GC heap after
{Heap after GC invocations=3 (full 0):
 garbage-first heap   total 262144K, used 11421K [0x0000000701000000, 0x0000000800000000)
  region size 1024K, 4 young (4096K), 4 survivors (4096K)
 Metaspace       used 13524K, capacity 13703K, committed 13824K, reserved 1060864K
  class space    used 1383K, capacity 1457K, committed 1536K, reserved 1048576K
}
Event: 1.826 GC heap before
{Heap before GC invocations=3 (full 0):
 garbage-first heap   total 262144K, used 50333K [0x0000000701000000, 0x0000000800000000)
  region size 1024K, 37 young (37888K), 4 survivors (4096K)
 Metaspace       used 17378K, capacity 17616K, committed 17664K, reserved 1064960K
  class space    used 1921K, capacity 2012K, committed 2048K, reserved 1048576K
}
Event: 1.839 GC heap after
{Heap after GC invocations=4 (full 0):
 garbage-first heap   total 262144K, used 16383K [0x0000000701000000, 0x0000000800000000)
  region size 1024K, 5 young (5120K), 5 survivors (5120K)
 Metaspace       used 17378K, capacity 17616K, committed 17664K, reserved 1064960K
  class space    used 1921K, capacity 2012K, committed 2048K, reserved 1048576K
}
Event: 2.360 GC heap before
{Heap before GC invocations=4 (full 0):
 garbage-first heap   total 262144K, used 35839K [0x0000000701000000, 0x0000000800000000)
  region size 1024K, 25 young (25600K), 5 survivors (5120K)
 Metaspace       used 20927K, capacity 21126K, committed 21248K, reserved 1069056K
  class space    used 2379K, capacity 2471K, committed 2560K, reserved 1048576K
}
Event: 2.373 GC heap after
{Heap after GC invocations=5 (full 0):
 garbage-first heap   total 315392K, used 19140K [0x0000000701000000, 0x0000000800000000)
  region size 1024K, 3 young (3072K), 3 survivors (3072K)
 Metaspace       used 20927K, capacity 21126K, committed 21248K, reserved 1069056K
  class space    used 2379K, capacity 2471K, committed 2560K, reserved 1048576K
}

